{
  "RSpec": {
    "coverage": {
      "/Users/cm0k/repos_ai/keep_alive/lib/keep_alive/server.rb": {
        "lines": [
          null,
          null,
          null,
          1,
          1,
          1,
          1,
          1,
          null,
          1,
          1,
          1,
          null,
          2,
          1,
          3,
          null,
          null,
          1,
          null,
          null,
          null,
          null,
          null,
          0,
          0,
          0,
          null,
          null,
          null,
          0,
          null,
          null,
          null,
          null,
          null,
          null,
          null,
          2,
          1,
          2,
          1,
          1,
          1,
          null,
          0,
          0,
          0,
          null,
          null,
          null,
          1,
          1,
          0,
          0,
          0,
          null,
          null,
          null,
          null,
          null,
          1,
          null,
          2,
          1,
          1,
          1,
          1,
          1,
          1,
          1,
          1,
          1,
          1,
          null,
          1,
          1,
          1,
          1,
          null,
          null,
          null
        ],
        "branches": {
          "[:if, 0, 41, 6, 59, 9]": {
            "[:then, 1, 42, 8, 50, 11]": 1,
            "[:else, 2, 52, 8, 58, 11]": 1
          }
        }
      },
      "/Users/cm0k/repos_ai/keep_alive/lib/keep_alive/client.rb": {
        "lines": [
          null,
          null,
          null,
          1,
          1,
          1,
          1,
          1,
          null,
          1,
          1,
          1,
          null,
          2,
          1,
          7,
          7,
          7,
          7,
          7,
          7,
          7,
          null,
          null,
          2,
          1,
          1,
          1,
          null,
          1,
          null,
          null,
          1,
          null,
          1,
          1,
          1,
          1,
          null,
          null,
          null,
          null,
          null,
          1,
          null,
          2,
          1,
          7,
          1,
          6,
          0,
          null,
          6,
          null,
          null,
          null,
          2,
          1,
          7,
          1,
          6,
          0,
          null,
          6,
          null,
          null,
          null,
          2,
          1,
          7,
          1,
          null,
          6,
          null,
          null,
          null,
          2,
          1,
          4,
          1,
          1,
          null,
          1,
          1,
          null,
          null,
          null,
          null,
          1,
          1,
          1,
          1,
          1,
          1,
          null,
          null,
          null,
          1,
          null,
          1,
          null,
          1,
          null,
          null,
          2,
          1,
          3,
          3,
          null,
          null,
          null,
          null
        ],
        "branches": {
          "[:if, 0, 48, 6, 54, 9]": {
            "[:then, 1, 49, 8, 49, 29]": 1,
            "[:else, 2, 50, 6, 54, 9]": 6
          },
          "[:if, 3, 50, 6, 54, 9]": {
            "[:then, 4, 51, 8, 51, 37]": 0,
            "[:else, 5, 53, 8, 53, 36]": 6
          },
          "[:if, 6, 59, 6, 65, 9]": {
            "[:then, 7, 60, 8, 60, 41]": 1,
            "[:else, 8, 61, 6, 65, 9]": 6
          },
          "[:\"&.\", 9, 60, 20, 60, 39]": {
            "[:then, 10, 60, 20, 60, 39]": 1,
            "[:else, 11, 60, 20, 60, 39]": 0
          },
          "[:if, 12, 61, 6, 65, 9]": {
            "[:then, 13, 62, 8, 62, 15]": 0,
            "[:else, 14, 64, 8, 64, 14]": 6
          },
          "[:if, 15, 70, 6, 74, 9]": {
            "[:then, 16, 71, 8, 71, 84]": 1,
            "[:else, 17, 73, 8, 73, 29]": 6
          },
          "[:unless, 18, 94, 10, 94, 95]": {
            "[:else, 19, 94, 10, 94, 95]": 1,
            "[:then, 20, 94, 10, 94, 15]": 0
          }
        }
      },
      "/Users/cm0k/repos_ai/keep_alive/lib/keep_alive/harness.rb": {
        "lines": [
          null,
          null,
          null,
          1,
          1,
          null,
          1,
          1,
          1,
          null,
          2,
          1,
          9,
          9,
          9,
          9,
          9,
          9,
          9,
          null,
          null,
          2,
          1,
          2,
          null,
          2,
          0,
          2,
          0,
          null,
          2,
          null,
          null,
          2,
          2,
          null,
          2,
          0,
          0,
          0,
          null,
          null,
          2,
          null,
          2,
          null,
          null,
          1,
          null,
          2,
          1,
          2,
          null,
          1,
          1,
          null,
          null,
          2,
          1,
          1,
          1,
          1,
          1,
          1,
          1,
          1,
          null,
          null,
          1,
          1,
          1,
          1,
          1,
          null,
          null,
          2,
          1,
          null,
          2,
          0,
          null,
          null,
          2,
          0,
          null,
          null,
          null,
          2,
          1,
          9,
          null,
          7,
          6,
          6,
          null,
          1,
          1,
          1,
          null,
          1,
          null,
          null,
          2,
          1,
          7,
          null,
          6,
          6,
          null,
          0,
          null,
          null,
          2,
          1,
          3,
          3,
          3,
          null,
          3,
          3,
          null,
          3,
          null,
          3,
          null,
          3,
          3,
          3,
          3,
          null,
          3,
          null,
          2,
          2,
          0,
          null,
          2,
          null,
          1,
          null,
          null,
          null,
          3,
          3,
          3,
          null,
          0,
          null,
          null,
          3,
          3,
          null,
          3,
          null,
          3,
          0,
          0,
          null,
          0,
          0,
          0,
          null,
          null,
          3,
          0,
          3,
          1,
          null,
          2,
          null,
          null,
          3,
          0,
          null,
          3,
          null,
          null,
          null,
          3,
          null,
          1,
          1,
          null,
          null,
          2,
          null,
          2,
          null,
          1,
          1,
          null,
          null,
          null,
          1,
          null,
          null,
          1,
          1,
          null,
          null,
          null,
          2,
          1,
          null,
          2,
          0,
          null,
          2,
          0,
          null,
          null,
          2,
          2,
          2,
          null,
          2,
          2,
          2,
          2,
          null,
          2,
          null,
          0,
          null,
          null,
          null
        ],
        "branches": {
          "[:if, 0, 26, 6, 32, 9]": {
            "[:then, 1, 27, 8, 27, 107]": 0,
            "[:else, 2, 28, 6, 32, 9]": 2
          },
          "[:if, 3, 28, 6, 32, 9]": {
            "[:then, 4, 29, 8, 29, 87]": 0,
            "[:else, 5, 31, 8, 31, 86]": 2
          },
          "[:unless, 6, 60, 6, 67, 9]": {
            "[:else, 7, 60, 6, 67, 9]": 0,
            "[:then, 8, 61, 8, 66, 16]": 1
          },
          "[:if, 9, 62, 8, 62, 46]": {
            "[:then, 10, 62, 8, 62, 32]": 0,
            "[:else, 11, 62, 8, 62, 46]": 1
          },
          "[:if, 12, 70, 6, 70, 44]": {
            "[:then, 13, 70, 6, 70, 30]": 0,
            "[:else, 14, 70, 6, 70, 44]": 1
          },
          "[:if, 15, 71, 6, 71, 58]": {
            "[:then, 16, 71, 6, 71, 43]": 0,
            "[:else, 17, 71, 6, 71, 58]": 1
          },
          "[:if, 18, 79, 8, 79, 63]": {
            "[:then, 19, 79, 8, 79, 48]": 1,
            "[:else, 20, 79, 8, 79, 63]": 1
          },
          "[:if, 21, 83, 8, 83, 63]": {
            "[:then, 22, 83, 8, 83, 48]": 1,
            "[:else, 23, 83, 8, 83, 63]": 1
          },
          "[:if, 24, 90, 6, 90, 54]": {
            "[:then, 25, 90, 6, 90, 42]": 2,
            "[:else, 26, 90, 6, 90, 54]": 7
          },
          "[:if, 27, 94, 6, 94, 50]": {
            "[:then, 28, 94, 6, 94, 32]": 5,
            "[:else, 29, 94, 6, 94, 50]": 1
          },
          "[:if, 30, 105, 6, 105, 26]": {
            "[:then, 31, 105, 6, 105, 14]": 1,
            "[:else, 32, 105, 6, 105, 26]": 6
          },
          "[:if, 33, 131, 23, 140, 26]": {
            "[:then, 34, 132, 25, 137, 55]": 2,
            "[:else, 35, 139, 25, 139, 35]": 1
          },
          "[:if, 36, 155, 8, 162, 11]": {
            "[:then, 37, 156, 10, 161, 15]": 0,
            "[:else, 38, 155, 8, 162, 11]": 3
          },
          "[:if, 39, 164, 23, 170, 26]": {
            "[:then, 40, 165, 25, 165, 74]": 0,
            "[:else, 41, 166, 23, 170, 26]": 3
          },
          "[:if, 42, 166, 23, 170, 26]": {
            "[:then, 43, 167, 25, 167, 35]": 1,
            "[:else, 44, 169, 25, 169, 30]": 2
          },
          "[:if, 45, 172, 23, 176, 26]": {
            "[:then, 46, 173, 25, 173, 74]": 0,
            "[:else, 47, 175, 25, 175, 30]": 3
          },
          "[:if, 48, 179, 10, 179, 61]": {
            "[:then, 49, 179, 10, 179, 46]": 3,
            "[:else, 50, 179, 10, 179, 61]": 0
          },
          "[:if, 51, 185, 8, 192, 11]": {
            "[:then, 52, 186, 10, 191, 13]": 2,
            "[:else, 53, 185, 8, 192, 11]": 0
          },
          "[:if, 54, 217, 6, 217, 82]": {
            "[:then, 55, 217, 6, 217, 56]": 1,
            "[:else, 56, 217, 6, 217, 82]": 1
          },
          "[:if, 57, 218, 6, 218, 89]": {
            "[:then, 58, 218, 6, 218, 64]": 1,
            "[:else, 59, 218, 6, 218, 89]": 1
          },
          "[:if, 60, 219, 6, 219, 92]": {
            "[:then, 61, 219, 6, 219, 65]": 1,
            "[:else, 62, 219, 6, 219, 92]": 1
          },
          "[:if, 63, 221, 6, 221, 83]": {
            "[:then, 64, 221, 6, 221, 68]": 1,
            "[:else, 65, 221, 6, 221, 83]": 1
          }
        }
      }
    },
    "timestamp": 1775770714
  }
}
